Using pre-set license
Built from '2020.2/release' branch; Version is '2020.2.1f1 (270dd8c3da1c) revision 2559448'; Using compiler version '192528614'; Build Type 'Release'
OS: 'Windows 10  (10.0.0) 64bit' Language: 'en' Physical Memory: 8003 MB
BatchMode: 1, IsHumanControllingUs: 0, StartBugReporterOnCrash: 0, Is64bit: 1, IsPro: 0

 COMMAND LINE ARGUMENTS:
C:\Program Files\Unity\Hub\Editor\2020.2.1f1\Editor\Unity.exe
-adb2
-batchMode
-noUpm
-name
AssetImportWorker0
-projectPath
C:/Users/tmgth/Documents/GitHub/stevegame/stevgame
-logFile
Logs/AssetImportWorker0.log
-srvPort
49329
Successfully changed project path to: C:/Users/tmgth/Documents/GitHub/stevegame/stevgame
C:/Users/tmgth/Documents/GitHub/stevegame/stevgame
Using Asset Import Pipeline V2.
Refreshing native plugins compatible for Editor in 34.17 ms, found 1 plugins.
Preloading 0 native plugins for Editor in 0.00 ms.
Initialize engine version: 2020.2.1f1 (270dd8c3da1c)
[Subsystems] Discovering subsystems at path C:/Program Files/Unity/Hub/Editor/2020.2.1f1/Editor/Data/Resources/UnitySubsystems
[Subsystems] Discovering subsystems at path C:/Users/tmgth/Documents/GitHub/stevegame/stevgame/Assets
GfxDevice: creating device client; threaded=0
Direct3D:
    Version:  Direct3D 11.0 [level 11.1]
    Renderer: NVIDIA GeForce GTX 1660 Ti with Max-Q Design (ID=0x2191)
    Vendor:   
    VRAM:     5991 MB
    Driver:   26.21.14.4223
Initialize mono
Mono path[0] = 'C:/Program Files/Unity/Hub/Editor/2020.2.1f1/Editor/Data/Managed'
Mono path[1] = 'C:/Program Files/Unity/Hub/Editor/2020.2.1f1/Editor/Data/MonoBleedingEdge/lib/mono/unityjit'
Mono config path = 'C:/Program Files/Unity/Hub/Editor/2020.2.1f1/Editor/Data/MonoBleedingEdge/etc'
Using monoOptions --debugger-agent=transport=dt_socket,embedding=1,server=y,suspend=n,address=127.0.0.1:56304
Begin MonoManager ReloadAssembly
Registering precompiled unity dll's ...
Register platform support module: C:/Program Files/Unity/Hub/Editor/2020.2.1f1/Editor/Data/PlaybackEngines/WebGLSupport/UnityEditor.WebGL.Extensions.dll
Register platform support module: C:/Program Files/Unity/Hub/Editor/2020.2.1f1/Editor/Data/PlaybackEngines/WindowsStandaloneSupport/UnityEditor.WindowsStandalone.Extensions.dll
Registered in 0.004241 seconds.
Native extension for WindowsStandalone target not found
Native extension for WebGL target not found
Refreshing native plugins compatible for Editor in 34.15 ms, found 1 plugins.
Preloading 0 native plugins for Editor in 0.00 ms.
Invoked RoslynAnalysisRunner static constructor.
RoslynAnalysisRunner will not be running.
RoslynAnalysisRunner has terminated.
Mono: successfully reloaded assembly
- Completed reload, in  2.885 seconds
Platform modules already initialized, skipping
Registering precompiled user dll's ...
Registered in 0.001906 seconds.
Begin MonoManager ReloadAssembly
Native extension for WindowsStandalone target not found
Native extension for WebGL target not found
Refreshing native plugins compatible for Editor in 50.56 ms, found 1 plugins.
Preloading 0 native plugins for Editor in 0.00 ms.
Invoked RoslynAnalysisRunner static constructor.
RoslynAnalysisRunner will not be running.
RoslynAnalysisRunner has terminated.
Mono: successfully reloaded assembly
- Completed reload, in  1.078 seconds
Platform modules already initialized, skipping
========================================================================
Worker process is ready to serve import requests
Launched and connected shader compiler UnityShaderCompiler.exe after 0.07 seconds
Refreshing native plugins compatible for Editor in 0.53 ms, found 1 plugins.
Preloading 0 native plugins for Editor in 0.00 ms.
Unloading 1767 Unused Serialized files (Serialized files now loaded: 0)
System memory in use before: 83.0 MB.
System memory in use after: 83.1 MB.

Unloading 19 unused Assets to reduce memory usage. Loaded Objects now: 2211.
Total: 3.152400 ms (FindLiveObjects: 0.190800 ms CreateObjectMapping: 0.090100 ms MarkObjects: 2.482200 ms  DeleteObjects: 0.387800 ms)

========================================================================
Received Import Request.
  path: Assets/uglybasic.png
  artifactKey: Guid(bcc4137fc5e05ad48b51804e93fa29f4) Importer(815301076,1909f56bfc062723c751e8b465ee728b)
Start importing Assets/uglybasic.png using Guid(bcc4137fc5e05ad48b51804e93fa29f4) Importer(815301076,1909f56bfc062723c751e8b465ee728b)  -> (artifact id: '0451f90756592e34ae3081f4bcbaca02') in 0.156226 seconds
  Import took 0.160413 seconds .

========================================================================
Received Import Request.
  Time since last request: 26.612015 seconds.
  path: Assets/Scenes/SampleScene.unity
  artifactKey: Guid(2cda990e2423bbf4892e6590ba056729) Importer(815301076,1909f56bfc062723c751e8b465ee728b)
Start importing Assets/Scenes/SampleScene.unity using Guid(2cda990e2423bbf4892e6590ba056729) Importer(815301076,1909f56bfc062723c751e8b465ee728b)  -> (artifact id: 'c40bf66239c3662ccbfce542154bf80b') in 0.008763 seconds
  Import took 0.011613 seconds .

========================================================================
Received Import Request.
  Time since last request: 69.115390 seconds.
  path: Assets
  artifactKey: Guid(00000000000000001000000000000000) Importer(815301076,1909f56bfc062723c751e8b465ee728b)
Start importing Assets using Guid(00000000000000001000000000000000) Importer(815301076,1909f56bfc062723c751e8b465ee728b)  -> (artifact id: 'e1a2c4dac9df7c17871e19a3b74f0e9f') in 0.008769 seconds
  Import took 0.012170 seconds .

========================================================================
Received Import Request.
  Time since last request: 7.454522 seconds.
  path: Assets/tilesets
  artifactKey: Guid(7a0fc990f93bb064888f1a827aaeb6b8) Importer(815301076,1909f56bfc062723c751e8b465ee728b)
Start importing Assets/tilesets using Guid(7a0fc990f93bb064888f1a827aaeb6b8) Importer(815301076,1909f56bfc062723c751e8b465ee728b)  -> (artifact id: 'ac3057bf189d572917d25b050a7a244f') in 0.008280 seconds
  Import took 0.011041 seconds .

========================================================================
Received Import Request.
  Time since last request: 4.695696 seconds.
  path: Assets/tilesets/uglybasic.png
  artifactKey: Guid(6f5c14890e954d44686217e426ba9bc0) Importer(815301076,1909f56bfc062723c751e8b465ee728b)
Start importing Assets/tilesets/uglybasic.png using Guid(6f5c14890e954d44686217e426ba9bc0) Importer(815301076,1909f56bfc062723c751e8b465ee728b)  -> (artifact id: 'b944c12a779b22703d10d4c1e955f009') in 0.013279 seconds
  Import took 0.016463 seconds .

========================================================================
Received Import Request.
  Time since last request: 0.001953 seconds.
  path: Assets/tilesets/uglybasic.png
  artifactKey: Guid(6f5c14890e954d44686217e426ba9bc0) Importer(815301076,1909f56bfc062723c751e8b465ee728b)
Start importing Assets/tilesets/uglybasic.png using Guid(6f5c14890e954d44686217e426ba9bc0) Importer(815301076,1909f56bfc062723c751e8b465ee728b)  -> (artifact id: 'b944c12a779b22703d10d4c1e955f009') in 0.012588 seconds
  Import took 0.017305 seconds .

========================================================================
Received Import Request.
  Time since last request: 51.637558 seconds.
  path: Assets/tilesets/uglybasic.png
  artifactKey: Guid(6f5c14890e954d44686217e426ba9bc0) Importer(815301076,1909f56bfc062723c751e8b465ee728b)
Start importing Assets/tilesets/uglybasic.png using Guid(6f5c14890e954d44686217e426ba9bc0) Importer(815301076,1909f56bfc062723c751e8b465ee728b)  -> (artifact id: '42fad6fe4a85d570bd7327f96c68665f') in 0.015993 seconds
  Import took 0.019642 seconds .

========================================================================
Received Import Request.
  Time since last request: 44.010637 seconds.
  path: Assets/tilesets/uglybasic.png
  artifactKey: Guid(6f5c14890e954d44686217e426ba9bc0) Importer(815301076,1909f56bfc062723c751e8b465ee728b)
Start importing Assets/tilesets/uglybasic.png using Guid(6f5c14890e954d44686217e426ba9bc0) Importer(815301076,1909f56bfc062723c751e8b465ee728b)  -> (artifact id: '8f3dbbb594d215ce951f27de6452baed') in 0.042916 seconds
  Import took 0.047130 seconds .

========================================================================
Received Import Request.
  Time since last request: 432.846778 seconds.
  path: Assets/tilesets/uglybasic_ground.prefab
  artifactKey: Guid(434dfa7c2fc25d940b6aa1100395ea1a) Importer(815301076,1909f56bfc062723c751e8b465ee728b)
Start importing Assets/tilesets/uglybasic_ground.prefab using Guid(434dfa7c2fc25d940b6aa1100395ea1a) Importer(815301076,1909f56bfc062723c751e8b465ee728b)  -> (artifact id: '92daabed31b7de3031c5fa7af1dcb40f') in 0.020799 seconds
  Import took 0.024171 seconds .

========================================================================
Received Import Request.
  Time since last request: 8.539096 seconds.
  path: Assets/tilesets/uglybasic_ground.prefab
  artifactKey: Guid(434dfa7c2fc25d940b6aa1100395ea1a) Importer(815301076,1909f56bfc062723c751e8b465ee728b)
Start importing Assets/tilesets/uglybasic_ground.prefab using Guid(434dfa7c2fc25d940b6aa1100395ea1a) Importer(815301076,1909f56bfc062723c751e8b465ee728b)  -> (artifact id: '06ab86960f47d345585cf0b836179c61') in 0.005190 seconds
  Import took 0.008410 seconds .

========================================================================
Received Import Request.
  Time since last request: 0.000234 seconds.
  path: Assets/tilesets/uglybasic_ground.prefab
  artifactKey: Guid(434dfa7c2fc25d940b6aa1100395ea1a) Importer(815301076,1909f56bfc062723c751e8b465ee728b)
Start importing Assets/tilesets/uglybasic_ground.prefab using Guid(434dfa7c2fc25d940b6aa1100395ea1a) Importer(815301076,1909f56bfc062723c751e8b465ee728b)  -> (artifact id: '06ab86960f47d345585cf0b836179c61') in 0.005510 seconds
  Import took 0.008287 seconds .

========================================================================
Received Import Request.
  Time since last request: 18.766680 seconds.
  path: Assets/tilesets/uglybasic.png
  artifactKey: Guid(6f5c14890e954d44686217e426ba9bc0) Importer(815301076,1909f56bfc062723c751e8b465ee728b)
Start importing Assets/tilesets/uglybasic.png using Guid(6f5c14890e954d44686217e426ba9bc0) Importer(815301076,1909f56bfc062723c751e8b465ee728b)  -> (artifact id: '5474f7f2a3c47395eef9dc9cbf07c0d1') in 0.018854 seconds
  Import took 0.022634 seconds .

========================================================================
Received Import Request.
  Time since last request: 277.080767 seconds.
  path: Assets/tilesets/uglybasic_floor.prefab
  artifactKey: Guid(0b32ea44ce50e224a8a27dc3f5fba4a7) Importer(815301076,1909f56bfc062723c751e8b465ee728b)
Start importing Assets/tilesets/uglybasic_floor.prefab using Guid(0b32ea44ce50e224a8a27dc3f5fba4a7) Importer(815301076,1909f56bfc062723c751e8b465ee728b)  -> (artifact id: '69c051338ad3335a6d5fa6cc0170c21c') in 0.010653 seconds
  Import took 0.014212 seconds .

========================================================================
Received Import Request.
  Time since last request: 131.868858 seconds.
  path: Assets/tilesets/uglybasic.png
  artifactKey: Guid(6f5c14890e954d44686217e426ba9bc0) Importer(815301076,1909f56bfc062723c751e8b465ee728b)
Start importing Assets/tilesets/uglybasic.png using Guid(6f5c14890e954d44686217e426ba9bc0) Importer(815301076,1909f56bfc062723c751e8b465ee728b)  -> (artifact id: '23b2a0834ca507f86380ec0275aac676') in 0.012477 seconds
  Import took 0.015816 seconds .

========================================================================
Received Import Request.
  Time since last request: 88.199715 seconds.
  path: Assets/tilesets/uglybasic.png
  artifactKey: Guid(6f5c14890e954d44686217e426ba9bc0) Importer(815301076,1909f56bfc062723c751e8b465ee728b)
Start importing Assets/tilesets/uglybasic.png using Guid(6f5c14890e954d44686217e426ba9bc0) Importer(815301076,1909f56bfc062723c751e8b465ee728b)  -> (artifact id: 'd52bda763b84a6eda58d0cc013feda7c') in 0.030888 seconds
  Import took 0.033930 seconds .

========================================================================
Received Import Request.
  Time since last request: 128.038404 seconds.
  path: Assets/tilesets/uglybasic_floor.prefab
  artifactKey: Guid(0b32ea44ce50e224a8a27dc3f5fba4a7) Importer(815301076,1909f56bfc062723c751e8b465ee728b)
Start importing Assets/tilesets/uglybasic_floor.prefab using Guid(0b32ea44ce50e224a8a27dc3f5fba4a7) Importer(815301076,1909f56bfc062723c751e8b465ee728b)  -> (artifact id: '3246cfbf1d0533caa09bc936cb5c1d59') in 0.005969 seconds
  Import took 0.009609 seconds .

========================================================================
Received Import Request.
  Time since last request: 35.325066 seconds.
  path: Assets/tilesets/uglybasic_floor.prefab
  artifactKey: Guid(0b32ea44ce50e224a8a27dc3f5fba4a7) Importer(815301076,1909f56bfc062723c751e8b465ee728b)
Start importing Assets/tilesets/uglybasic_floor.prefab using Guid(0b32ea44ce50e224a8a27dc3f5fba4a7) Importer(815301076,1909f56bfc062723c751e8b465ee728b)  -> (artifact id: '8e92294d749e33b6c7bccdf87d8fdb57') in 0.006104 seconds
  Import took 0.009527 seconds .

========================================================================
Received Import Request.
  Time since last request: 25.422958 seconds.
  path: Assets/tilesets/uglybasic_floor.prefab
  artifactKey: Guid(0b32ea44ce50e224a8a27dc3f5fba4a7) Importer(815301076,1909f56bfc062723c751e8b465ee728b)
Start importing Assets/tilesets/uglybasic_floor.prefab using Guid(0b32ea44ce50e224a8a27dc3f5fba4a7) Importer(815301076,1909f56bfc062723c751e8b465ee728b)  -> (artifact id: 'f7a34287b835dbce7cf503292dae8be8') in 0.005892 seconds
  Import took 0.009500 seconds .

========================================================================
Received Import Request.
  Time since last request: 0.000437 seconds.
  path: Assets/tilesets/uglybasic_floor.prefab
  artifactKey: Guid(0b32ea44ce50e224a8a27dc3f5fba4a7) Importer(815301076,1909f56bfc062723c751e8b465ee728b)
Start importing Assets/tilesets/uglybasic_floor.prefab using Guid(0b32ea44ce50e224a8a27dc3f5fba4a7) Importer(815301076,1909f56bfc062723c751e8b465ee728b)  -> (artifact id: 'f7a34287b835dbce7cf503292dae8be8') in 0.005336 seconds
  Import took 0.008287 seconds .

========================================================================
Received Import Request.
  Time since last request: 110.009733 seconds.
  path: Assets/tilesets/TilemapPaletteSprite
  artifactKey: Guid(0244c3cbc4ea1274e87587d72aa61a4f) Importer(815301076,1909f56bfc062723c751e8b465ee728b)
Start importing Assets/tilesets/TilemapPaletteSprite using Guid(0244c3cbc4ea1274e87587d72aa61a4f) Importer(815301076,1909f56bfc062723c751e8b465ee728b)  -> (artifact id: '7a8f98a5677ae4c1ed8053e43d8267af') in 0.008531 seconds
  Import took 0.011419 seconds .

========================================================================
Received Import Request.
  Time since last request: 1.679805 seconds.
  path: Assets/tilesets/TilemapPaletteSprite/uglybasic_0.asset
  artifactKey: Guid(9cd9783a9a202714bac6ed26ac6bf3a8) Importer(815301076,1909f56bfc062723c751e8b465ee728b)
Start importing Assets/tilesets/TilemapPaletteSprite/uglybasic_0.asset using Guid(9cd9783a9a202714bac6ed26ac6bf3a8) Importer(815301076,1909f56bfc062723c751e8b465ee728b)  -> (artifact id: 'b704d59ddec0f3979ca629003101059d') in 0.067763 seconds
  Import took 0.070807 seconds .

========================================================================
Received Import Request.
  Time since last request: 0.000170 seconds.
  path: Assets/tilesets/TilemapPaletteSprite/uglybasic_2.asset
  artifactKey: Guid(9fd8f51e428ed714ab8b73c98f96560d) Importer(815301076,1909f56bfc062723c751e8b465ee728b)
Start importing Assets/tilesets/TilemapPaletteSprite/uglybasic_2.asset using Guid(9fd8f51e428ed714ab8b73c98f96560d) Importer(815301076,1909f56bfc062723c751e8b465ee728b)  -> (artifact id: '398f38a87364b122e8fe99a267f3bb19') in 0.017181 seconds
  Import took 0.020000 seconds .

========================================================================
Received Import Request.
  Time since last request: 0.000264 seconds.
  path: Assets/tilesets/TilemapPaletteSprite/uglybasic_4.asset
  artifactKey: Guid(e9856fd05cb6a8a47862b946b83d569a) Importer(815301076,1909f56bfc062723c751e8b465ee728b)
Start importing Assets/tilesets/TilemapPaletteSprite/uglybasic_4.asset using Guid(e9856fd05cb6a8a47862b946b83d569a) Importer(815301076,1909f56bfc062723c751e8b465ee728b)  -> (artifact id: '4e0743aaa98f44e1d0efb01c0fe49860') in 0.018408 seconds
  Import took 0.021865 seconds .

========================================================================
Received Import Request.
  Time since last request: 0.000190 seconds.
  path: Assets/tilesets/TilemapPaletteSprite/uglybasic_5.asset
  artifactKey: Guid(58f5103a030c0e44d8237587db07b513) Importer(815301076,1909f56bfc062723c751e8b465ee728b)
Start importing Assets/tilesets/TilemapPaletteSprite/uglybasic_5.asset using Guid(58f5103a030c0e44d8237587db07b513) Importer(815301076,1909f56bfc062723c751e8b465ee728b)  -> (artifact id: '7803f0e0874d3a4e1fb4f38e7e0eb037') in 0.018350 seconds
  Import took 0.021473 seconds .

========================================================================
Received Import Request.
  Time since last request: 0.000233 seconds.
  path: Assets/tilesets/TilemapPaletteSprite/uglybasic_6.asset
  artifactKey: Guid(aaa85c3c9a55f0d48ba50447e7f83a01) Importer(815301076,1909f56bfc062723c751e8b465ee728b)
Start importing Assets/tilesets/TilemapPaletteSprite/uglybasic_6.asset using Guid(aaa85c3c9a55f0d48ba50447e7f83a01) Importer(815301076,1909f56bfc062723c751e8b465ee728b)  -> (artifact id: '60da8edf9fe8823fe7862c28b7158c3e') in 0.023578 seconds
  Import took 0.027502 seconds .

========================================================================
Received Import Request.
  Time since last request: 0.000193 seconds.
  path: Assets/tilesets/TilemapPaletteSprite/uglybasic_3.asset
  artifactKey: Guid(7d2e8585b4c41e04bbfa81b9cfd07ca3) Importer(815301076,1909f56bfc062723c751e8b465ee728b)
Start importing Assets/tilesets/TilemapPaletteSprite/uglybasic_3.asset using Guid(7d2e8585b4c41e04bbfa81b9cfd07ca3) Importer(815301076,1909f56bfc062723c751e8b465ee728b)  -> (artifact id: '71c2b0c5e6288bee3ec20794ec14b2cc') in 0.021304 seconds
  Import took 0.024632 seconds .

========================================================================
Received Import Request.
  Time since last request: 0.000206 seconds.
  path: Assets/tilesets/TilemapPaletteSprite/uglybasic_1.asset
  artifactKey: Guid(bffe247a26c85c040bf30a14d9faa85b) Importer(815301076,1909f56bfc062723c751e8b465ee728b)
Start importing Assets/tilesets/TilemapPaletteSprite/uglybasic_1.asset using Guid(bffe247a26c85c040bf30a14d9faa85b) Importer(815301076,1909f56bfc062723c751e8b465ee728b)  -> (artifact id: 'ca34c4cb239096d8f8bd8acca5756c0c') in 0.017245 seconds
  Import took 0.020630 seconds .

========================================================================
Received Import Request.
  Time since last request: 0.000199 seconds.
  path: Assets/tilesets/TilemapPaletteSprite/uglybasic_7.asset
  artifactKey: Guid(43531a72eaa08ba48bf186c255300fa6) Importer(815301076,1909f56bfc062723c751e8b465ee728b)
Start importing Assets/tilesets/TilemapPaletteSprite/uglybasic_7.asset using Guid(43531a72eaa08ba48bf186c255300fa6) Importer(815301076,1909f56bfc062723c751e8b465ee728b)  -> (artifact id: '70170d335509f5b9a5d38097d82df1a0') in 0.019734 seconds
  Import took 0.023120 seconds .

========================================================================
Received Import Request.
  Time since last request: 0.000200 seconds.
  path: Assets/tilesets/TilemapPaletteSprite/uglybasic_8.asset
  artifactKey: Guid(c339cd77dd3eec6489b838ce23f6e75c) Importer(815301076,1909f56bfc062723c751e8b465ee728b)
Start importing Assets/tilesets/TilemapPaletteSprite/uglybasic_8.asset using Guid(c339cd77dd3eec6489b838ce23f6e75c) Importer(815301076,1909f56bfc062723c751e8b465ee728b)  -> (artifact id: '57dd28c73744ba8d3e23d041309d7796') in 0.021026 seconds
  Import took 0.024008 seconds .

========================================================================
Received Import Request.
  Time since last request: 4113.354376 seconds.
  path: Assets/tilesets/uglybasic.png
  artifactKey: Guid(6f5c14890e954d44686217e426ba9bc0) Importer(815301076,1909f56bfc062723c751e8b465ee728b)
Start importing Assets/tilesets/uglybasic.png using Guid(6f5c14890e954d44686217e426ba9bc0) Importer(815301076,1909f56bfc062723c751e8b465ee728b)  -> (artifact id: '53da100039b4717e11fbec1944db079b') in 0.034503 seconds
  Import took 0.058787 seconds .

========================================================================
Received Import Request.
  Time since last request: 0.000328 seconds.
  path: Assets/tilesets/uglybasic.png
  artifactKey: Guid(6f5c14890e954d44686217e426ba9bc0) Importer(815301076,1909f56bfc062723c751e8b465ee728b)
Start importing Assets/tilesets/uglybasic.png using Guid(6f5c14890e954d44686217e426ba9bc0) Importer(815301076,1909f56bfc062723c751e8b465ee728b)  -> (artifact id: '53da100039b4717e11fbec1944db079b') in 0.010986 seconds
  Import took 0.014231 seconds .

========================================================================
Received Import Request.
  Time since last request: 77.282603 seconds.
  path: Assets/tilesets/uglybasic.png
  artifactKey: Guid(6f5c14890e954d44686217e426ba9bc0) Importer(815301076,1909f56bfc062723c751e8b465ee728b)
Start importing Assets/tilesets/uglybasic.png using Guid(6f5c14890e954d44686217e426ba9bc0) Importer(815301076,1909f56bfc062723c751e8b465ee728b)  -> (artifact id: '28cffc4c560669e7b8425f43e05e1078') in 0.017178 seconds
  Import took 0.020191 seconds .

========================================================================
Received Import Request.
  Time since last request: 20.280056 seconds.
  path: Assets/tilesets/uglybasic.png
  artifactKey: Guid(6f5c14890e954d44686217e426ba9bc0) Importer(815301076,1909f56bfc062723c751e8b465ee728b)
Start importing Assets/tilesets/uglybasic.png using Guid(6f5c14890e954d44686217e426ba9bc0) Importer(815301076,1909f56bfc062723c751e8b465ee728b)  -> (artifact id: '27fa8ccfce46223dac2517eea4667239') in 0.014755 seconds
  Import took 0.017840 seconds .

========================================================================
Received Import Request.
  Time since last request: 16.032964 seconds.
  path: Assets/tilesets/uglybasic.png
  artifactKey: Guid(6f5c14890e954d44686217e426ba9bc0) Importer(815301076,1909f56bfc062723c751e8b465ee728b)
Start importing Assets/tilesets/uglybasic.png using Guid(6f5c14890e954d44686217e426ba9bc0) Importer(815301076,1909f56bfc062723c751e8b465ee728b)  -> (artifact id: '758841b2805b8c3b47df2e39a883e0d4') in 0.042177 seconds
  Import took 0.045037 seconds .

========================================================================
Received Import Request.
  Time since last request: 47.621185 seconds.
  path: Assets/tilesets/TilemapPaletteSprite/uglybasic_floor.prefab
  artifactKey: Guid(5016b8d718ef9c14387c5e4f85404777) Importer(815301076,1909f56bfc062723c751e8b465ee728b)
Start importing Assets/tilesets/TilemapPaletteSprite/uglybasic_floor.prefab using Guid(5016b8d718ef9c14387c5e4f85404777) Importer(815301076,1909f56bfc062723c751e8b465ee728b)  -> (artifact id: 'bb45a863337c7c72a2dc0f458139f0c4') in 0.006115 seconds
  Import took 0.009652 seconds .

========================================================================
Received Import Request.
  Time since last request: 0.001670 seconds.
  path: Assets/tilesets/TilemapPaletteSprite/uglybasic_floor.prefab
  artifactKey: Guid(5016b8d718ef9c14387c5e4f85404777) Importer(815301076,1909f56bfc062723c751e8b465ee728b)
Start importing Assets/tilesets/TilemapPaletteSprite/uglybasic_floor.prefab using Guid(5016b8d718ef9c14387c5e4f85404777) Importer(815301076,1909f56bfc062723c751e8b465ee728b)  -> (artifact id: 'bb45a863337c7c72a2dc0f458139f0c4') in 0.004650 seconds
  Import took 0.007893 seconds .

========================================================================
Received Import Request.
  Time since last request: 53.480820 seconds.
  path: Assets/tilesets/TilemapPalette
  artifactKey: Guid(dc24378b77e87db4bb99c54f01d080d7) Importer(815301076,1909f56bfc062723c751e8b465ee728b)
Start importing Assets/tilesets/TilemapPalette using Guid(dc24378b77e87db4bb99c54f01d080d7) Importer(815301076,1909f56bfc062723c751e8b465ee728b)  -> (artifact id: '63adf1667dfe76f6e6764582743ced92') in 0.010176 seconds
  Import took 0.013876 seconds .

========================================================================
Received Import Request.
  Time since last request: 10778.677948 seconds.
  path: Assets/tilesets/New Sprite Atlas.spriteatlas
  artifactKey: Guid(1c620c6753e48224daf930d0a763ace7) Importer(815301076,1909f56bfc062723c751e8b465ee728b)
Start importing Assets/tilesets/New Sprite Atlas.spriteatlas using Guid(1c620c6753e48224daf930d0a763ace7) Importer(815301076,1909f56bfc062723c751e8b465ee728b)  -> (artifact id: '6bfa5262ada137a8157b70a5f8ce648f') in 0.054612 seconds
  Import took 0.105025 seconds .

========================================================================
Received Import Request.
  Time since last request: 20.842448 seconds.
  path: Assets/tilesets/uglybasic_spriteatlas.spriteatlas
  artifactKey: Guid(1c620c6753e48224daf930d0a763ace7) Importer(815301076,1909f56bfc062723c751e8b465ee728b)
Start importing Assets/tilesets/uglybasic_spriteatlas.spriteatlas using Guid(1c620c6753e48224daf930d0a763ace7) Importer(815301076,1909f56bfc062723c751e8b465ee728b)  -> (artifact id: 'd4798cff2478f7cf11a88c1d831b10b4') in 0.011377 seconds
  Import took 0.016629 seconds .

========================================================================
Received Import Request.
  Time since last request: 0.002323 seconds.
  path: Assets/tilesets/uglybasic_spriteatlas.spriteatlas
  artifactKey: Guid(1c620c6753e48224daf930d0a763ace7) Importer(815301076,1909f56bfc062723c751e8b465ee728b)
Start importing Assets/tilesets/uglybasic_spriteatlas.spriteatlas using Guid(1c620c6753e48224daf930d0a763ace7) Importer(815301076,1909f56bfc062723c751e8b465ee728b)  -> (artifact id: 'd4798cff2478f7cf11a88c1d831b10b4') in 0.004997 seconds
  Import took 0.010026 seconds .

========================================================================
Received Import Request.
  Time since last request: 24.581933 seconds.
  path: Assets/tilesets/TilemapPalette/uglybasic_floor.prefab
  artifactKey: Guid(5c1ad12b3321c8e4dba35e9cdc40b0d4) Importer(815301076,1909f56bfc062723c751e8b465ee728b)
Start importing Assets/tilesets/TilemapPalette/uglybasic_floor.prefab using Guid(5c1ad12b3321c8e4dba35e9cdc40b0d4) Importer(815301076,1909f56bfc062723c751e8b465ee728b)  -> (artifact id: '522ef3b063b0c5a73d419d3ab552448a') in 0.023486 seconds
  Import took 0.027706 seconds .

========================================================================
Received Import Request.
  Time since last request: 0.010710 seconds.
  path: Assets/tilesets/TilemapPalette/uglybasic_floor.prefab
  artifactKey: Guid(5c1ad12b3321c8e4dba35e9cdc40b0d4) Importer(815301076,1909f56bfc062723c751e8b465ee728b)
Start importing Assets/tilesets/TilemapPalette/uglybasic_floor.prefab using Guid(5c1ad12b3321c8e4dba35e9cdc40b0d4) Importer(815301076,1909f56bfc062723c751e8b465ee728b)  -> (artifact id: '522ef3b063b0c5a73d419d3ab552448a') in 0.006036 seconds
  Import took 0.009654 seconds .

========================================================================
Received Import Request.
  Time since last request: 23.644106 seconds.
  path: Assets/tilesets/uglybasic_spriteatlas.spriteatlas
  artifactKey: Guid(1c620c6753e48224daf930d0a763ace7) Importer(815301076,1909f56bfc062723c751e8b465ee728b)
Start importing Assets/tilesets/uglybasic_spriteatlas.spriteatlas using Guid(1c620c6753e48224daf930d0a763ace7) Importer(815301076,1909f56bfc062723c751e8b465ee728b)  -> (artifact id: 'ea111c9c2f0f4f118caf9024cb24dee8') in 0.006798 seconds
  Import took 0.010681 seconds .

========================================================================
Received Import Request.
  Time since last request: 0.003589 seconds.
  path: Assets/tilesets/uglybasic_spriteatlas.spriteatlas
  artifactKey: Guid(1c620c6753e48224daf930d0a763ace7) Importer(815301076,1909f56bfc062723c751e8b465ee728b)
Start importing Assets/tilesets/uglybasic_spriteatlas.spriteatlas using Guid(1c620c6753e48224daf930d0a763ace7) Importer(815301076,1909f56bfc062723c751e8b465ee728b)  -> (artifact id: 'ea111c9c2f0f4f118caf9024cb24dee8') in 0.006386 seconds
  Import took 0.009687 seconds .

========================================================================
Received Prepare
Registering precompiled user dll's ...
Registered in 0.001834 seconds.
Begin MonoManager ReloadAssembly
Native extension for WindowsStandalone target not found
Native extension for WebGL target not found
Refreshing native plugins compatible for Editor in 0.35 ms, found 1 plugins.
Preloading 0 native plugins for Editor in 0.00 ms.
Invoked RoslynAnalysisRunner static constructor.
RoslynAnalysisRunner will not be running.
RoslynAnalysisRunner has terminated.
Mono: successfully reloaded assembly
- Completed reload, in  1.174 seconds
Platform modules already initialized, skipping
Refreshing native plugins compatible for Editor in 0.46 ms, found 1 plugins.
Preloading 0 native plugins for Editor in 0.00 ms.
Unloading 1758 Unused Serialized files (Serialized files now loaded: 0)
System memory in use before: 85.9 MB.
System memory in use after: 86.1 MB.

Unloading 8 unused Assets to reduce memory usage. Loaded Objects now: 2223.
Total: 4.990500 ms (FindLiveObjects: 0.335200 ms CreateObjectMapping: 0.088900 ms MarkObjects: 4.535300 ms  DeleteObjects: 0.028500 ms)

========================================================================
Received Prepare
Registering precompiled user dll's ...
Registered in 0.001491 seconds.
Begin MonoManager ReloadAssembly
Native extension for WindowsStandalone target not found
Native extension for WebGL target not found
Refreshing native plugins compatible for Editor in 47.71 ms, found 1 plugins.
Preloading 0 native plugins for Editor in 0.00 ms.
Invoked RoslynAnalysisRunner static constructor.
RoslynAnalysisRunner will not be running.
RoslynAnalysisRunner has terminated.
Mono: successfully reloaded assembly
- Completed reload, in  0.880 seconds
Platform modules already initialized, skipping
Refreshing native plugins compatible for Editor in 1.06 ms, found 1 plugins.
Preloading 0 native plugins for Editor in 0.00 ms.
Unloading 2054 Unused Serialized files (Serialized files now loaded: 0)
System memory in use before: 95.4 MB.
System memory in use after: 95.6 MB.

Unloading 5 unused Assets to reduce memory usage. Loaded Objects now: 2516.
Total: 2.433700 ms (FindLiveObjects: 0.222200 ms CreateObjectMapping: 0.082300 ms MarkObjects: 2.107600 ms  DeleteObjects: 0.019800 ms)

AssetImportWorkerClient::OnTransportError - code=2 error=End of file
